app/build/intermediates/manifest_merge_blame_file/debug/manifest-merger-blame-debug-report.txt
1<?xml version="1.0" encoding="utf-8"?>
2<manifest xmlns:android="http://schemas.android.com/apk/res/android"
3    package="com.app.nytimes"
4    android:versionCode="1"
5    android:versionName="1.0" >
6
7    <uses-sdk
8        android:minSdkVersion="17"
8-->src/main/AndroidManifest.xml
9        android:targetSdkVersion="30" />
9-->src/main/AndroidManifest.xml
10
11    <uses-permission android:name="android.permission.ACCESS_NETWORK_STATE" />
11-->src/main/AndroidManifest.xml:5:5-79
11-->src/main/AndroidManifest.xml:5:22-76
12    <uses-permission android:name="android.permission.INTERNET" />
12-->src/main/AndroidManifest.xml:6:5-67
12-->src/main/AndroidManifest.xml:6:22-64
13    <uses-permission android:name="android.permission.ACCESS_WIFI_STATE" />
13-->src/main/AndroidManifest.xml:7:5-76
13-->src/main/AndroidManifest.xml:7:22-73
14    <uses-permission android:name="android.permission.AUTHENTICATE_ACCOUNTS" />
14-->src/main/AndroidManifest.xml:8:5-80
14-->src/main/AndroidManifest.xml:8:22-77
15    <uses-permission android:name="android.permission.WRITE_EXTERNAL_STORAGE" />
16    <uses-permission android:name="android.permission.READ_PHONE_STATE" />
17    <uses-permission android:name="android.permission.READ_EXTERNAL_STORAGE" />
18
19    <application
19-->src/main/AndroidManifest.xml:10:5-32:19
20        android:name="com.app.nytimes.manager.base.BaseApplication"
20-->src/main/AndroidManifest.xml:11:9-53
21        android:allowBackup="true"
21-->src/main/AndroidManifest.xml:12:9-35
22        android:appComponentFactory="androidx.core.app.CoreComponentFactory"
22-->[androidx.core:core:1.3.2] AndroidManifest.xml:24:18-86
23        android:debuggable="true"
24        android:icon="@drawable/ic_home"
24-->src/main/AndroidManifest.xml:13:9-41
25        android:label="@string/app_name"
25-->src/main/AndroidManifest.xml:14:9-41
26        android:roundIcon="@drawable/ic_home"
26-->src/main/AndroidManifest.xml:15:9-46
27        android:supportsRtl="true"
27-->src/main/AndroidManifest.xml:16:9-35
28        android:testOnly="true"
29        android:theme="@style/AppTheme"
29-->src/main/AndroidManifest.xml:17:9-40
30        android:usesCleartextTraffic="true" >
30-->src/main/AndroidManifest.xml:18:9-44
31        <uses-library
31-->src/main/AndroidManifest.xml:21:9-23:40
32            android:name="org.apache.http.legacy"
32-->src/main/AndroidManifest.xml:22:13-50
33            android:required="false" />
33-->src/main/AndroidManifest.xml:23:13-37
34
35        <activity android:name="com.app.nytimes.ui.MainActivity" >
35-->src/main/AndroidManifest.xml:25:9-31:20
35-->src/main/AndroidManifest.xml:25:19-50
36            <intent-filter>
36-->src/main/AndroidManifest.xml:26:13-30:29
37                <action android:name="android.intent.action.MAIN" />
37-->src/main/AndroidManifest.xml:27:17-69
37-->src/main/AndroidManifest.xml:27:25-66
38
39                <category android:name="android.intent.category.LAUNCHER" />
39-->src/main/AndroidManifest.xml:29:17-77
39-->src/main/AndroidManifest.xml:29:27-74
40            </intent-filter>
41        </activity>
42
43        <provider
43-->[com.readystatesoftware.chuck:library:1.1.0] AndroidManifest.xml:23:9-26:40
44            android:name="com.readystatesoftware.chuck.internal.data.ChuckContentProvider"
44-->[com.readystatesoftware.chuck:library:1.1.0] AndroidManifest.xml:24:13-91
45            android:authorities="com.app.nytimes.chuck.provider"
45-->[com.readystatesoftware.chuck:library:1.1.0] AndroidManifest.xml:25:13-66
46            android:exported="false" />
46-->[com.readystatesoftware.chuck:library:1.1.0] AndroidManifest.xml:26:13-37
47
48        <activity
48-->[com.readystatesoftware.chuck:library:1.1.0] AndroidManifest.xml:28:9-33:50
49            android:name="com.readystatesoftware.chuck.internal.ui.MainActivity"
49-->[com.readystatesoftware.chuck:library:1.1.0] AndroidManifest.xml:29:13-81
50            android:label="@string/chuck_name"
50-->[com.readystatesoftware.chuck:library:1.1.0] AndroidManifest.xml:30:13-47
51            android:launchMode="singleTask"
51-->[com.readystatesoftware.chuck:library:1.1.0] AndroidManifest.xml:31:13-44
52            android:taskAffinity="com.readystatesoftware.chuck.task"
52-->[com.readystatesoftware.chuck:library:1.1.0] AndroidManifest.xml:32:13-69
53            android:theme="@style/Chuck.Theme" />
53-->[com.readystatesoftware.chuck:library:1.1.0] AndroidManifest.xml:33:13-47
54        <activity
54-->[com.readystatesoftware.chuck:library:1.1.0] AndroidManifest.xml:34:9-37:50
55            android:name="com.readystatesoftware.chuck.internal.ui.TransactionActivity"
55-->[com.readystatesoftware.chuck:library:1.1.0] AndroidManifest.xml:35:13-88
56            android:parentActivityName="com.readystatesoftware.chuck.internal.ui.MainActivity"
56-->[com.readystatesoftware.chuck:library:1.1.0] AndroidManifest.xml:36:13-95
57            android:theme="@style/Chuck.Theme" />
57-->[com.readystatesoftware.chuck:library:1.1.0] AndroidManifest.xml:37:13-47
58
59        <service
59-->[com.readystatesoftware.chuck:library:1.1.0] AndroidManifest.xml:39:9-41:40
60            android:name="com.readystatesoftware.chuck.internal.support.ClearTransactionsService"
60-->[com.readystatesoftware.chuck:library:1.1.0] AndroidManifest.xml:40:13-98
61            android:exported="false" />
61-->[com.readystatesoftware.chuck:library:1.1.0] AndroidManifest.xml:41:13-37
62
63        <provider
63-->[androidx.lifecycle:lifecycle-process:2.2.0] AndroidManifest.xml:25:9-29:43
64            android:name="androidx.lifecycle.ProcessLifecycleOwnerInitializer"
64-->[androidx.lifecycle:lifecycle-process:2.2.0] AndroidManifest.xml:26:13-79
65            android:authorities="com.app.nytimes.lifecycle-process"
65-->[androidx.lifecycle:lifecycle-process:2.2.0] AndroidManifest.xml:27:13-69
66            android:exported="false"
66-->[androidx.lifecycle:lifecycle-process:2.2.0] AndroidManifest.xml:28:13-37
67            android:multiprocess="true" />
67-->[androidx.lifecycle:lifecycle-process:2.2.0] AndroidManifest.xml:29:13-40
68    </application>
69
70</manifest>